<?xml version="1.0" encoding="UTF-8"?>
<!-- Generated by org.testng.reporters.JUnitReportReporter -->
<testsuite skipped="0" hostname="admin-PC" name="org.amazon.testcase.BuyingAmazonProduct" tests="1" failures="0" timestamp="14 Dec 2019 10:10:33 GMT" time="42.337" errors="0">
  <testcase name="buyProduct" time="42.337" classname="org.amazon.testcase.BuyingAmazonProduct"/>
</testsuite> <!-- org.amazon.testcase.BuyingAmazonProduct -->
